00:39:39: Creating resource group General
00:39:39: Creating resource group Internal
00:39:39: Creating resource group Autodetect
00:39:39: SceneManagerFactory for type 'DefaultSceneManager' registered.
00:39:39: Registering ResourceManager for type Material
00:39:39: Registering ResourceManager for type Mesh
00:39:39: Registering ResourceManager for type Skeleton
00:39:39: MovableObjectFactory for type 'ParticleSystem' registered.
00:39:39: OverlayElementFactory for type Panel registered.
00:39:39: OverlayElementFactory for type BorderPanel registered.
00:39:39: OverlayElementFactory for type TextArea registered.
00:39:39: Registering ResourceManager for type Font
00:39:39: ArchiveFactory for archive type FileSystem registered.
00:39:39: ArchiveFactory for archive type Zip registered.
00:39:39: DDS codec registering
00:39:39: FreeImage version: 3.13.1
00:39:39: This program uses FreeImage, a free, open source image library supporting all common bitmap formats. See http://freeimage.sourceforge.net for details
00:39:39: Supported formats: bmp,ico,jpg,jif,jpeg,jpe,jng,koa,iff,lbm,mng,pbm,pbm,pcd,pcx,pgm,pgm,png,ppm,ppm,ras,tga,targa,tif,tiff,wap,wbmp,wbm,psd,cut,xbm,xpm,gif,hdr,g3,sgi,exr,j2k,j2c,jp2,pfm,pct,pict,pic,bay,bmq,cr2,crw,cs1,dc2,dcr,dng,erf,fff,hdr,k25,kdc,mdc,mos,mrw,nef,orf,pef,pxn,raf,raw,rdc,sr2,srf,arw,3fr,cine,ia,kc2,mef,nrw,qtk,rw2,sti,drf,dsc,ptx,cap,iiq,rwz
00:39:39: Registering ResourceManager for type HighLevelGpuProgram
00:39:40: Registering ResourceManager for type Compositor
00:39:40: MovableObjectFactory for type 'Entity' registered.
00:39:40: MovableObjectFactory for type 'Light' registered.
00:39:40: MovableObjectFactory for type 'BillboardSet' registered.
00:39:40: MovableObjectFactory for type 'ManualObject' registered.
00:39:40: MovableObjectFactory for type 'BillboardChain' registered.
00:39:40: MovableObjectFactory for type 'RibbonTrail' registered.
00:39:40: Loading library .\RenderSystem_Direct3D9
00:39:40: Installing plugin: D3D9 RenderSystem
00:39:40: D3D9 : Direct3D9 Rendering Subsystem created.
00:39:40: D3D9: Driver Detection Starts
00:39:40: D3D9: Driver Detection Ends
00:39:40: Plugin successfully installed
00:39:40: Loading library .\RenderSystem_GL
00:39:40: Installing plugin: GL RenderSystem
00:39:40: OpenGL Rendering Subsystem created.
00:39:40: Plugin successfully installed
00:39:40: Loading library .\Plugin_ParticleFX
00:39:40: Installing plugin: ParticleFX
00:39:40: Particle Emitter Type 'Point' registered
00:39:40: Particle Emitter Type 'Box' registered
00:39:40: Particle Emitter Type 'Ellipsoid' registered
00:39:40: Particle Emitter Type 'Cylinder' registered
00:39:40: Particle Emitter Type 'Ring' registered
00:39:40: Particle Emitter Type 'HollowEllipsoid' registered
00:39:40: Particle Affector Type 'LinearForce' registered
00:39:40: Particle Affector Type 'ColourFader' registered
00:39:40: Particle Affector Type 'ColourFader2' registered
00:39:40: Particle Affector Type 'ColourImage' registered
00:39:40: Particle Affector Type 'ColourInterpolator' registered
00:39:40: Particle Affector Type 'Scaler' registered
00:39:40: Particle Affector Type 'Rotator' registered
00:39:40: Particle Affector Type 'DirectionRandomiser' registered
00:39:40: Particle Affector Type 'DeflectorPlane' registered
00:39:40: Plugin successfully installed
00:39:40: Loading library .\Plugin_BSPSceneManager
00:39:40: Installing plugin: BSP Scene Manager
00:39:40: Plugin successfully installed
00:39:40: Loading library .\Plugin_CgProgramManager
00:39:40: Installing plugin: Cg Program Manager
00:39:40: Plugin successfully installed
00:39:40: Loading library .\Plugin_PCZSceneManager
00:39:40: Installing plugin: Portal Connected Zone Scene Manager
00:39:40: PCZone Factory Type 'ZoneType_Default' registered
00:39:40: Plugin successfully installed
00:39:40: Loading library .\Plugin_OctreeZone
00:39:40: Installing plugin: Octree Zone Factory
00:39:40: Plugin successfully installed
00:39:40: Loading library .\Plugin_OctreeSceneManager
00:39:40: Installing plugin: Octree & Terrain Scene Manager
00:39:40: Plugin successfully installed
00:39:40: *-*-* OGRE Initialising
00:39:40: *-*-* Version 1.7.1 (Cthugha)
00:39:40: Creating resource group Essential
00:39:40: Added resource location '../../media/thumbnails' of type 'FileSystem' to resource group 'Essential'
00:39:40: Added resource location '../../media/packs/SdkTrays.zip' of type 'Zip' to resource group 'Essential'
00:39:40: Added resource location '../../media' of type 'FileSystem' to resource group 'General'
00:39:40: Creating resource group Popular
00:39:40: Added resource location '../../media/fonts' of type 'FileSystem' to resource group 'Popular'
00:39:40: Added resource location '../../media/materials/programs' of type 'FileSystem' to resource group 'Popular'
00:39:40: Added resource location '../../media/materials/scripts' of type 'FileSystem' to resource group 'Popular'
00:39:40: Added resource location '../../media/materials/textures' of type 'FileSystem' to resource group 'Popular'
00:39:40: Added resource location '../../media/materials/textures/nvidia' of type 'FileSystem' to resource group 'Popular'
00:39:40: Added resource location '../../media/models' of type 'FileSystem' to resource group 'Popular'
00:39:40: Added resource location '../../media/particle' of type 'FileSystem' to resource group 'Popular'
00:39:40: Added resource location '../../media/DeferredShadingMedia' of type 'FileSystem' to resource group 'Popular'
00:39:40: Added resource location '../../media/PCZAppMedia' of type 'FileSystem' to resource group 'Popular'
00:39:40: Added resource location '../../media/RTShaderLib' of type 'FileSystem' to resource group 'Popular'
00:39:40: Added resource location '../../media/RTShaderLib/materials' of type 'FileSystem' to resource group 'Popular'
00:39:40: Added resource location '../../media/packs/cubemap.zip' of type 'Zip' to resource group 'Popular'
00:39:40: Added resource location '../../media/packs/cubemapsJS.zip' of type 'Zip' to resource group 'Popular'
00:39:40: Added resource location '../../media/packs/dragon.zip' of type 'Zip' to resource group 'Popular'
00:39:40: Added resource location '../../media/packs/fresneldemo.zip' of type 'Zip' to resource group 'Popular'
00:39:40: Added resource location '../../media/packs/ogretestmap.zip' of type 'Zip' to resource group 'Popular'
00:39:40: Added resource location '../../media/packs/ogredance.zip' of type 'Zip' to resource group 'Popular'
00:39:40: Added resource location '../../media/packs/Sinbad.zip' of type 'Zip' to resource group 'Popular'
00:39:40: Added resource location '../../media/packs/skybox.zip' of type 'Zip' to resource group 'Popular'
00:39:40: D3D9 : RenderSystem Option: Allow NVPerfHUD = No
00:39:40: D3D9 : RenderSystem Option: FSAA = 0
00:39:40: D3D9 : RenderSystem Option: Floating-point mode = Fastest
00:39:40: D3D9 : RenderSystem Option: Full Screen = Yes
00:39:40: D3D9 : RenderSystem Option: Rendering Device = Monitor-1-NVIDIA GeForce 9600 GT
00:39:40: D3D9 : RenderSystem Option: Resource Creation Policy = Create on all devices
00:39:40: D3D9 : RenderSystem Option: VSync = No
00:39:40: D3D9 : RenderSystem Option: VSync Interval = 1
00:39:40: D3D9 : RenderSystem Option: Video Mode = 800 x 600 @ 32-bit colour
00:39:40: D3D9 : RenderSystem Option: sRGB Gamma Conversion = No
00:39:41: CPU Identifier & Features
00:39:41: -------------------------
00:39:41:  *   CPU ID: GenuineIntel: Intel(R) Core(TM) i7-3520M CPU @ 2.90GHz
00:39:41:  *      SSE: yes
00:39:41:  *     SSE2: yes
00:39:41:  *     SSE3: yes
00:39:41:  *      MMX: yes
00:39:41:  *   MMXEXT: yes
00:39:41:  *    3DNOW: no
00:39:41:  * 3DNOWEXT: no
00:39:41:  *     CMOV: yes
00:39:41:  *      TSC: yes
00:39:41:  *      FPU: yes
00:39:41:  *      PRO: yes
00:39:41:  *       HT: no
00:39:41: -------------------------
00:39:41: *** Starting Win32GL Subsystem ***
00:39:41: GLRenderSystem::_createRenderWindow "NCTU. 3D Game Programming. Student Name: Â²¥ß­õ. ID:0316235", 1024x768 windowed  miscParams: FSAA=0 FSAAHint= colourDepth=32 displayFrequency=0 gamma=false vsync=false vsyncInterval=1 
00:39:41: Created Win32Window 'NCTU. 3D Game Programming. Student Name: Â²¥ß­õ. ID:0316235' : 1040x800, 32bpp
00:39:41: GL_VERSION = 2.1 INTEL-10.25.13
00:39:41: GL_VENDOR = Parallels and Intel Inc.
00:39:41: GL_RENDERER = Parallels using Intel HD Graphics 4000 OpenGL Engine
00:39:42: GL_EXTENSIONS = GL_EXT_texture3D GL_ARB_color_buffer_float GL_ARB_depth_buffer_float GL_ARB_depth_clamp GL_ARB_depth_texture GL_ARB_draw_buffers GL_ARB_draw_elements_base_vertex GL_ARB_draw_instanced GL_ARB_fragment_program GL_ARB_fragment_program_shadow GL_ARB_fragment_shader GL_ARB_framebuffer_object GL_ARB_framebuffer_sRGB GL_ARB_half_float_pixel GL_ARB_half_float_vertex GL_ARB_multisample GL_ARB_multitexture GL_ARB_occlusion_query GL_ARB_pixel_buffer_object GL_ARB_point_parameters GL_ARB_point_sprite GL_ARB_provoking_vertex GL_ARB_seamless_cube_map GL_ARB_shader_objects GL_ARB_shader_texture_lod GL_ARB_shading_language_100 GL_ARB_shadow GL_ARB_sync GL_ARB_texture_border_clamp GL_ARB_texture_compression GL_ARB_texture_compression_rgtc GL_ARB_texture_cube_map GL_ARB_texture_env_add GL_ARB_texture_env_combine GL_ARB_texture_env_crossbar GL_ARB_texture_env_dot3 GL_ARB_texture_float GL_ARB_texture_mirrored_repeat GL_ARB_texture_non_power_of_two GL_ARB_texture_rectangle GL_ARB_texture_rg GL_ARB_transpose_matrix GL_ARB_vertex_array_bgra GL_ARB_vertex_blend GL_ARB_vertex_buffer_object GL_ARB_vertex_program GL_ARB_vertex_shader GL_ARB_window_pos GL_EXT_abgr GL_EXT_bgra GL_EXT_blend_color GL_EXT_blend_equation_separate GL_EXT_blend_func_separate GL_EXT_blend_minmax GL_EXT_blend_subtract GL_EXT_clip_volume_hint GL_EXT_draw_buffers2 GL_EXT_draw_range_elements GL_EXT_fog_coord GL_EXT_framebuffer_blit GL_EXT_framebuffer_multisample GL_EXT_framebuffer_object GL_EXT_framebuffer_sRGB GL_EXT_geometry_shader4 GL_EXT_gpu_program_parameters GL_EXT_gpu_shader4 GL_EXT_multi_draw_arrays GL_EXT_packed_depth_stencil GL_EXT_packed_float GL_EXT_provoking_vertex GL_EXT_rescale_normal GL_EXT_secondary_color GL_EXT_separate_specular_color GL_EXT_shadow_funcs GL_EXT_stencil_two_side GL_EXT_stencil_wrap GL_EXT_texture_array GL_EXT_texture_compression_dxt1 GL_EXT_texture_compression_s3tc GL_EXT_texture_env_add GL_EXT_texture_filter_anisotropic GL_EXT_texture_integer GL_EXT_texture_lod_bias GL_EXT_texture_rectangle GL_EXT_texture_shared_exponent GL_EXT_texture_sRGB GL_EXT_transform_feedback GL_EXT_vertex_array_bgra GL_ARB_vertex_array_object GL_ATI_separate_stencil GL_ATI_texture_env_combine3 GL_ATI_texture_float GL_ATI_texture_mirror_once GL_NV_blend_square GL_NV_conditional_render GL_NV_depth_clamp GL_NV_fog_distance GL_NV_light_max_exponent GL_NV_texgen_reflection GL_SGIS_generate_mipmap GL_SGIS_texture_edge_clamp GL_SGIS_texture_lod GL_EXT_texture_env_combine GL_NV_texture_rectangle GL_EXT_texture_edge_clamp GL_ARB_map_buffer_range WGL_ARB_extensions_string WGL_EXT_extensions_string WGL_ARB_pixel_format WGL_EXT_pixel_format WGL_EXT_swap_control WGL_ARB_pbuffer WGL_EXT_pbuffer WGL_ARB_create_context WGL_ARB_create_context_profile WGL_ARB_framebuffer_sRGB WGL_EXT_framebuffer_sRGB WGL_ARB_make_current_read WGL_EXT_make_current_read WGL_ARB_render_texture WGL_EXT_render_texture
00:39:42: Supported WGL extensions: WGL_ARB_extensions_string WGL_EXT_extensions_string WGL_ARB_pixel_format WGL_EXT_pixel_format WGL_EXT_swap_control WGL_ARB_pbuffer WGL_EXT_pbuffer WGL_ARB_create_context WGL_ARB_create_context_profile WGL_ARB_framebuffer_sRGB WGL_EXT_framebuffer_sRGB WGL_ARB_make_current_read WGL_EXT_make_current_read WGL_ARB_render_texture WGL_EXT_render_texture
00:39:42: ***************************
00:39:42: *** GL Renderer Started ***
00:39:42: ***************************
00:39:42: Registering ResourceManager for type GpuProgram
00:39:42: GLSL support detected
00:39:42: GL: Using GL_EXT_framebuffer_object for rendering to textures (best)
00:39:42: FBO PF_UNKNOWN depth/stencil support: D0S1 D0S4 D0S8 D0S16 D16S0 D24S0 D32S0 Packed-D24S8 
00:39:42: FBO PF_R5G6B5 depth/stencil support: D0S0 D0S1 D0S4 D0S8 D0S16 D16S0 D24S0 D32S0 Packed-D24S8 
00:39:42: FBO PF_B5G6R5 depth/stencil support: D0S0 D0S1 D0S4 D0S8 D0S16 D16S0 D24S0 D32S0 Packed-D24S8 
00:39:42: FBO PF_A4R4G4B4 depth/stencil support: D0S0 D0S1 D0S4 D0S8 D0S16 D16S0 D24S0 D32S0 Packed-D24S8 
00:39:42: FBO PF_A1R5G5B5 depth/stencil support: D0S0 D0S1 D0S4 D0S8 D0S16 D16S0 D24S0 D32S0 Packed-D24S8 
00:39:42: FBO PF_R8G8B8 depth/stencil support: D0S0 D0S1 D0S4 D0S8 D0S16 D16S0 D24S0 D32S0 Packed-D24S8 
00:39:42: FBO PF_B8G8R8 depth/stencil support: D0S0 D0S1 D0S4 D0S8 D0S16 D16S0 D24S0 D32S0 Packed-D24S8 
00:39:42: FBO PF_A8R8G8B8 depth/stencil support: D0S0 D0S1 D0S4 D0S8 D0S16 D16S0 D24S0 D32S0 Packed-D24S8 
00:39:42: FBO PF_B8G8R8A8 depth/stencil support: D0S0 D0S1 D0S4 D0S8 D0S16 D16S0 D24S0 D32S0 Packed-D24S8 
00:39:42: FBO PF_A2R10G10B10 depth/stencil support: D0S0 D0S1 D0S4 D0S8 D0S16 D16S0 D24S0 D32S0 Packed-D24S8 
00:39:42: FBO PF_A2B10G10R10 depth/stencil support: D0S0 D0S1 D0S4 D0S8 D0S16 D16S0 D24S0 D32S0 Packed-D24S8 
00:39:42: FBO PF_FLOAT16_RGB depth/stencil support: D0S0 D0S1 D0S4 D0S8 D0S16 D16S0 D24S0 D32S0 Packed-D24S8 
00:39:42: FBO PF_FLOAT16_RGBA depth/stencil support: D0S0 D0S1 D0S4 D0S8 D0S16 D16S0 D24S0 D32S0 Packed-D24S8 
00:39:42: FBO PF_FLOAT32_RGB depth/stencil support: D0S0 D0S1 D0S4 D0S8 D0S16 D16S0 D24S0 D32S0 Packed-D24S8 
00:39:42: FBO PF_FLOAT32_RGBA depth/stencil support: D0S0 D0S1 D0S4 D0S8 D0S16 D16S0 D24S0 D32S0 Packed-D24S8 
00:39:42: FBO PF_X8R8G8B8 depth/stencil support: D0S0 D0S1 D0S4 D0S8 D0S16 D16S0 D24S0 D32S0 Packed-D24S8 
00:39:43: FBO PF_X8B8G8R8 depth/stencil support: D0S0 D0S1 D0S4 D0S8 D0S16 D16S0 D24S0 D32S0 Packed-D24S8 
00:39:43: FBO PF_SHORT_RGBA depth/stencil support: D0S0 D0S1 D0S4 D0S8 D0S16 D16S0 D24S0 D32S0 Packed-D24S8 
00:39:43: FBO PF_R3G3B2 depth/stencil support: D0S0 D0S1 D0S4 D0S8 D0S16 D16S0 D24S0 D32S0 Packed-D24S8 
00:39:43: FBO PF_SHORT_RGB depth/stencil support: D0S0 D0S1 D0S4 D0S8 D0S16 D16S0 D24S0 D32S0 Packed-D24S8 
00:39:43: [GL] : Valid FBO targets PF_UNKNOWN PF_R5G6B5 PF_B5G6R5 PF_A4R4G4B4 PF_A1R5G5B5 PF_R8G8B8 PF_B8G8R8 PF_A8R8G8B8 PF_B8G8R8A8 PF_A2R10G10B10 PF_A2B10G10R10 PF_FLOAT16_RGB PF_FLOAT16_RGBA PF_FLOAT32_RGB PF_FLOAT32_RGBA PF_X8R8G8B8 PF_X8B8G8R8 PF_SHORT_RGBA PF_R3G3B2 PF_SHORT_RGB 
00:39:43: RenderSystem capabilities
00:39:43: -------------------------
00:39:43: RenderSystem Name: OpenGL Rendering Subsystem
00:39:43: GPU Vendor: intel
00:39:43: Device Name: Parallels using Intel HD Graphics 4000 OpenGL Engine
00:39:43: Driver Version: 2.1.0.0
00:39:43:  * Fixed function pipeline: yes
00:39:43:  * Hardware generation of mipmaps: no
00:39:43:  * Texture blending: yes
00:39:43:  * Anisotropic texture filtering: yes
00:39:43:  * Dot product texture operation: yes
00:39:43:  * Cube mapping: yes
00:39:43:  * Hardware stencil buffer: yes
00:39:43:    - Stencil depth: 8
00:39:43:    - Two sided stencil support: yes
00:39:43:    - Wrap stencil values: yes
00:39:43:  * Hardware vertex / index buffers: yes
00:39:43:  * Vertex programs: yes
00:39:43:  * Number of floating-point constants for vertex programs: 1024
00:39:43:  * Number of integer constants for vertex programs: 0
00:39:43:  * Number of boolean constants for vertex programs: 0
00:39:43:  * Fragment programs: yes
00:39:43:  * Number of floating-point constants for fragment programs: 1024
00:39:43:  * Number of integer constants for fragment programs: 0
00:39:43:  * Number of boolean constants for fragment programs: 0
00:39:43:  * Geometry programs: yes
00:39:43:  * Number of floating-point constants for geometry programs: 65535
00:39:43:  * Number of integer constants for geometry programs: 0
00:39:43:  * Number of boolean constants for geometry programs: 0
00:39:43:  * Supported Shader Profiles: arbfp1 arbvp1 glsl gp4gp gpu_gp nvgp4
00:39:43:  * Texture Compression: yes
00:39:43:    - DXT: yes
00:39:43:    - VTC: no
00:39:43:    - PVRTC: no
00:39:43:  * Scissor Rectangle: yes
00:39:43:  * Hardware Occlusion Query: yes
00:39:43:  * User clip planes: yes
00:39:43:  * VET_UBYTE4 vertex element type: yes
00:39:43:  * Infinite far plane projection: yes
00:39:43:  * Hardware render-to-texture: yes
00:39:43:  * Floating point textures: yes
00:39:43:  * Non-power-of-two textures: yes
00:39:43:  * Volume textures: yes
00:39:43:  * Multiple Render Targets: 8
00:39:43:    - With different bit depths: yes
00:39:43:  * Point Sprites: yes
00:39:43:  * Extended point parameters: yes
00:39:43:  * Max Point Size: 255.875
00:39:43:  * Vertex texture fetch: yes
00:39:43:  * Number of world matrices: 0
00:39:43:  * Number of texture units: 16
00:39:43:  * Stencil buffer depth: 8
00:39:43:  * Number of vertex blend matrices: 0
00:39:43:    - Max vertex textures: 16
00:39:43:    - Vertex textures shared: yes
00:39:43:  * Render to Vertex Buffer : no
00:39:43:  * GL 1.5 without VBO workaround: no
00:39:43:  * Frame Buffer objects: yes
00:39:43:  * Frame Buffer objects (ARB extension): no
00:39:43:  * Frame Buffer objects (ATI extension): no
00:39:43:  * PBuffer support: no
00:39:43:  * GL 1.5 without HW-occlusion workaround: no
00:39:43: Registering ResourceManager for type Texture
00:39:43: DefaultWorkQueue('Root') initialising on thread 0050C670.
00:39:43: DefaultWorkQueue('Root')::WorkerFunc - thread 00517E38 starting.
00:39:43: DefaultWorkQueue('Root')::WorkerFunc - thread 00517E68 starting.
00:39:43: DefaultWorkQueue('Root')::WorkerFunc - thread 00517E98 starting.
00:39:43: Particle Renderer Type 'billboard' registered
00:39:43: DefaultWorkQueue('Root')::WorkerFunc - thread 00517EC8 starting.
00:39:43: SceneManagerFactory for type 'BspSceneManager' registered.
00:39:43: Registering ResourceManager for type BspLevel
00:39:43: SceneManagerFactory for type 'PCZSceneManager' registered.
00:39:43: MovableObjectFactory for type 'PCZLight' registered.
00:39:43: MovableObjectFactory for type 'Portal' registered.
00:39:43: MovableObjectFactory for type 'AntiPortal' registered.
00:39:43: PCZone Factory Type 'ZoneType_Octree' registered
00:39:43: PCZone Factory Type 'ZoneType_Terrain' registered
00:39:43: SceneManagerFactory for type 'OctreeSceneManager' registered.
00:39:43: SceneManagerFactory for type 'TerrainSceneManager' registered.
00:39:43: Parsing scripts for resource group Autodetect
00:39:43: Finished parsing scripts for resource group Autodetect
00:39:43: Parsing scripts for resource group Essential
00:39:43: Parsing script SdkTrays.material
00:39:43: Parsing script SdkTrays.fontdef
00:39:43: Parsing script SdkTrays.overlay
00:39:43: Bad element attribute line: '# you can offset the image to change the cursor "hotspot"' for element SdkTrays/Cursor in overlay 
00:39:43: Texture: sdk_cursor.png: Loading 1 faces(PF_A8R8G8B8,32x32x1) with 5 generated mipmaps from Image. Internal format is PF_A8R8G8B8,32x32x1.
00:39:43: Texture: sdk_tray.png: Loading 1 faces(PF_A8R8G8B8,64x64x1) with 5 generated mipmaps from Image. Internal format is PF_A8R8G8B8,64x64x1.
00:39:43: Texture: sdk_button_up.png: Loading 1 faces(PF_A8R8G8B8,128x32x1) with 5 generated mipmaps from Image. Internal format is PF_A8R8G8B8,128x32x1.
00:39:43: Texture: sdk_text_box.png: Loading 1 faces(PF_A8R8G8B8,32x32x1) with 5 generated mipmaps from Image. Internal format is PF_A8R8G8B8,32x32x1.
00:39:43: Texture: sdk_mini_tray.png: Loading 1 faces(PF_A8R8G8B8,32x32x1) with 5 generated mipmaps from Image. Internal format is PF_A8R8G8B8,32x32x1.
00:39:43: Texture: sdk_track.png: Loading 1 faces(PF_A8R8G8B8,16x32x1) with 5 generated mipmaps from Image. Internal format is PF_A8R8G8B8,16x32x1.
00:39:44: Texture: sdk_handle.png: Loading 1 faces(PF_A8R8G8B8,16x16x1) with 4 generated mipmaps from Image. Internal format is PF_A8R8G8B8,16x16x1.
00:39:44: Texture: sdk_mini_text_box.png: Loading 1 faces(PF_A8R8G8B8,32x32x1) with 5 generated mipmaps from Image. Internal format is PF_A8R8G8B8,32x32x1.
00:39:44: Texture: sdk_label.png: Loading 1 faces(PF_A8R8G8B8,32x32x1) with 5 generated mipmaps from Image. Internal format is PF_A8R8G8B8,32x32x1.
00:39:44: Texture: sdk_separator.png: Loading 1 faces(PF_A8R8G8B8,64x16x1) with 5 generated mipmaps from Image. Internal format is PF_A8R8G8B8,64x16x1.
00:39:44: Texture: sdk_logo.png: Loading 1 faces(PF_A8R8G8B8,128x64x1) with 5 generated mipmaps from Image. Internal format is PF_A8R8G8B8,128x64x1.
00:39:44: Texture: sdk_shade.png: Loading 1 faces(PF_A8R8G8B8,64x48x1) with 5 generated mipmaps from Image. Internal format is PF_A8R8G8B8,64x48x1.
00:39:44: Texture: sdk_frame.png: Loading 1 faces(PF_A8R8G8B8,32x32x1) with 5 generated mipmaps from Image. Internal format is PF_A8R8G8B8,32x32x1.
00:39:44: Texture: sdk_mini_text_box_over.png: Loading 1 faces(PF_A8R8G8B8,32x32x1) with 5 generated mipmaps from Image. Internal format is PF_A8R8G8B8,32x32x1.
00:39:44: Texture: sdk_pulse.png: Loading 1 faces(PF_R8G8B8,8x1x1) with 3 generated mipmaps from Image. Internal format is PF_X8R8G8B8,8x1x1.
00:39:44: Finished parsing scripts for resource group Essential
00:39:44: Parsing scripts for resource group General
00:39:44: Finished parsing scripts for resource group General
00:39:44: Parsing scripts for resource group Internal
00:39:44: Finished parsing scripts for resource group Internal
00:39:44: Parsing scripts for resource group Popular
00:39:44: Parsing script Examples.program
00:39:44: OGRE EXCEPTION(2:InvalidParametersException): Parameter called ambient does not exist.  in GpuProgramParameters::_findNamedConstantDefinition at ..\..\..\..\OgreMain\src\OgreGpuProgramParams.cpp (line 1433)
00:39:44: Compiler error: invalid parameters in Examples.program(130): setting of constant failed
00:39:44: Parsing script StdQuad_vp.program
00:39:44: Parsing script deferred_post.program
00:39:44: Parsing script ShadowCaster.program
00:39:44: Parsing script ASCII.material
00:39:44: Parsing script ASMSwizzle.material
00:39:44: Parsing script BlackAndWhite.material
00:39:44: Parsing script Bloom.material
00:39:44: Parsing script Bloom2.material
00:39:44: Parsing script CGSwizzle.material
00:39:44: Parsing script CompositorDemo.material
00:39:44: Parsing script DepthShadowmap.material
00:39:44: Parsing script Dither.material
00:39:44: Parsing script DOF.material
00:39:44: Parsing script Embossed.material
00:39:44: Parsing script Example-Water.material
00:39:44: Parsing script Examples-Advanced.material
00:39:44: Compiler error: object unsupported by render system in Examples-Advanced.material(383)
00:39:44: Parsing script Examples-DynTex.material
00:39:44: Parsing script Examples-Water.material
00:39:44: Parsing script Examples.material
00:39:44: Compiler error: number expected in Examples.material(31): specular expects at least 4 arguments
00:39:44: OGRE EXCEPTION(2:InvalidParametersException): Parameter called camObjPos does not exist.  in GpuProgramParameters::_findNamedConstantDefinition at ..\..\..\..\OgreMain\src\OgreGpuProgramParams.cpp (line 1433)
00:39:44: Compiler error: invalid parameters in Examples.material(852): setting of constant failed
00:39:44: Parsing script facial.material
00:39:44: Parsing script Glass.material
00:39:44: Parsing script GLSLSwizzle.material
00:39:44: Parsing script Halftone.material
00:39:44: Parsing script hdr.material
00:39:44: Parsing script HeatVision.material
00:39:44: Parsing script Hurt.material
00:39:44: Parsing script instancing.material
00:39:44: Parsing script Invert.material
00:39:44: Parsing script IsoSurf.material
00:39:44: Problem parsing the following Cg Uniform: '@TMP0' in file Ogre/IsoSurf/TessellateTetrahedraGS
00:39:44: Parsing script Laplace.material
00:39:44: Parsing script MotionBlur.material
00:39:44: Parsing script MRTtest.material
00:39:44: Parsing script NightVision.material
00:39:44: Parsing script Ocean.material
00:39:44: Parsing script OffsetMapping.material
00:39:44: Compiler error: object unsupported by render system in OffsetMapping.material(18)
00:39:44: Parsing script Ogre.material
00:39:44: Parsing script OldMovie.material
00:39:44: Parsing script OldTV.material
00:39:44: Parsing script ParticleGS.material
00:39:44: Parsing script Penguin.material
00:39:44: Parsing script Posterize.material
00:39:44: Parsing script pssm.material
00:39:44: Parsing script RadialBlur.material
00:39:44: Parsing script RZR-002.material
00:39:44: Parsing script ShaderSystem.material
00:39:45: Parsing script shadows.material
00:39:45: Parsing script SharpenEdges.material
00:39:45: Parsing script sibenik.material
00:39:45: Parsing script smoke.material
00:39:45: Parsing script Tiling.material
00:39:45: Parsing script VarianceShadowmap.material
00:39:45: Parsing script deferreddemo.material
00:39:45: Parsing script deferred_post.material
00:39:45: Parsing script deferred_post_minilight.material
00:39:45: Parsing script ShadowCaster.material
00:39:45: Parsing script ssao.material
00:39:45: Parsing script ROOM.material
00:39:45: Parsing script RTShaderSystem.material
00:39:45: Compiler error: unknown error in RTShaderSystem.material(23): token "rtshader_system" is not recognized
00:39:45: Compiler error: unknown error in RTShaderSystem.material(52): token "rtshader_system" is not recognized
00:39:45: Compiler error: unknown error in RTShaderSystem.material(81): token "rtshader_system" is not recognized
00:39:45: Compiler error: unknown error in RTShaderSystem.material(110): token "rtshader_system" is not recognized
00:39:45: Compiler error: unknown error in RTShaderSystem.material(146): token "rtshader_system" is not recognized
00:39:45: Compiler error: unknown error in RTShaderSystem.material(81): token "rtshader_system" is not recognized
00:39:45: Compiler error: unknown error in RTShaderSystem.material(162): token "rtshader_system" is not recognized
00:39:45: Compiler error: unknown error in RTShaderSystem.material(81): token "rtshader_system" is not recognized
00:39:45: Compiler error: unknown error in RTShaderSystem.material(110): token "rtshader_system" is not recognized
00:39:45: Parsing script RomanBath.material
00:39:45: Parsing script Sinbad.material
00:39:45: Parsing script emitted_emitter.particle
00:39:45: Parsing script Examples-Water.particle
00:39:45: Parsing script Examples.particle
00:39:45: Parsing script smoke.particle
00:39:45: Parsing script Examples.compositor
00:39:45: Parsing script deferred.compositor
00:39:45: Parsing script ssao.compositor
00:39:45: Parsing script sample.fontdef
00:39:45: Finished parsing scripts for resource group Popular
00:39:45: Mesh: Loading penguin.mesh.
00:39:45: Skeleton: Loading penguin.skeleton
00:39:45: WARNING: penguin.mesh is an older format ([MeshSerializer_v1.40]); you should upgrade it as soon as possible using the OgreMeshUpgrade tool.
00:39:45: Texture: penguin.jpg: Loading 1 faces(PF_R8G8B8,512x512x1) with 5 generated mipmaps from Image. Internal format is PF_X8R8G8B8,512x512x1.
00:39:45: Mesh: Loading cube.mesh.
00:39:45: Mesh: Loading fish.mesh.
00:39:45: Skeleton: Loading fish.skeleton
00:39:45: Texture: steelhead.png: Loading 1 faces(PF_R8G8B8,256x256x1) with 5 generated mipmaps from Image. Internal format is PF_X8R8G8B8,256x256x1.
00:39:45: WARNING: the mesh 'fish.mesh' includes vertices without bone assignments. Those vertices will transform to wrong position when skeletal animation enabled. To eliminate this, assign at least one bone assignment per vertex on your mesh.
00:39:45: Texture: rockwall.tga: Loading 1 faces(PF_R8G8B8,256x256x1) with 5 generated mipmaps from Image. Internal format is PF_X8R8G8B8,256x256x1.
00:39:45: *** Initializing OIS ***
00:39:45: Texture: spot_shadow_fade.png: Loading 1 faces(PF_R8G8B8,128x128x1) with 5 generated mipmaps from Image. Internal format is PF_X8R8G8B8,128x128x1.
00:39:45: Font SdkTrays/Captionusing texture size 512x256
00:39:45: Info: Freetype returned null for character 160 in font SdkTrays/Caption
00:39:45: Texture: SdkTrays/CaptionTexture: Loading 1 faces(PF_BYTE_LA,512x256x1) with 0 generated mipmaps from Image. Internal format is PF_BYTE_LA,512x256x1.
00:39:45: Font SdkTrays/Valueusing texture size 512x512
00:39:45: Info: Freetype returned null for character 127 in font SdkTrays/Value
00:39:45: Info: Freetype returned null for character 128 in font SdkTrays/Value
00:39:45: Info: Freetype returned null for character 129 in font SdkTrays/Value
00:39:45: Info: Freetype returned null for character 130 in font SdkTrays/Value
00:39:45: Info: Freetype returned null for character 131 in font SdkTrays/Value
00:39:45: Info: Freetype returned null for character 132 in font SdkTrays/Value
00:39:45: Info: Freetype returned null for character 133 in font SdkTrays/Value
00:39:45: Info: Freetype returned null for character 134 in font SdkTrays/Value
00:39:45: Info: Freetype returned null for character 135 in font SdkTrays/Value
00:39:45: Info: Freetype returned null for character 136 in font SdkTrays/Value
00:39:45: Info: Freetype returned null for character 137 in font SdkTrays/Value
00:39:45: Info: Freetype returned null for character 138 in font SdkTrays/Value
00:39:45: Info: Freetype returned null for character 139 in font SdkTrays/Value
00:39:45: Info: Freetype returned null for character 140 in font SdkTrays/Value
00:39:45: Info: Freetype returned null for character 141 in font SdkTrays/Value
00:39:45: Info: Freetype returned null for character 142 in font SdkTrays/Value
00:39:45: Info: Freetype returned null for character 143 in font SdkTrays/Value
00:39:45: Info: Freetype returned null for character 144 in font SdkTrays/Value
00:39:45: Info: Freetype returned null for character 145 in font SdkTrays/Value
00:39:45: Info: Freetype returned null for character 146 in font SdkTrays/Value
00:39:45: Info: Freetype returned null for character 147 in font SdkTrays/Value
00:39:45: Info: Freetype returned null for character 148 in font SdkTrays/Value
00:39:45: Info: Freetype returned null for character 149 in font SdkTrays/Value
00:39:45: Info: Freetype returned null for character 150 in font SdkTrays/Value
00:39:46: Info: Freetype returned null for character 151 in font SdkTrays/Value
00:39:46: Info: Freetype returned null for character 152 in font SdkTrays/Value
00:39:46: Info: Freetype returned null for character 153 in font SdkTrays/Value
00:39:46: Info: Freetype returned null for character 154 in font SdkTrays/Value
00:39:46: Info: Freetype returned null for character 155 in font SdkTrays/Value
00:39:46: Info: Freetype returned null for character 156 in font SdkTrays/Value
00:39:46: Info: Freetype returned null for character 157 in font SdkTrays/Value
00:39:46: Info: Freetype returned null for character 158 in font SdkTrays/Value
00:39:46: Info: Freetype returned null for character 159 in font SdkTrays/Value
00:39:46: Info: Freetype returned null for character 160 in font SdkTrays/Value
00:39:46: Texture: SdkTrays/ValueTexture: Loading 1 faces(PF_BYTE_LA,512x512x1) with 0 generated mipmaps from Image. Internal format is PF_BYTE_LA,512x512x1.
00:39:47: 11:*** keyPressed ***

00:39:47: 11:*** keyReleased ***

00:39:56: 1:*** keyPressed ***

00:39:56: DefaultWorkQueue('Root') shutting down on thread 0050C670.
00:39:56: DefaultWorkQueue('Root')::WorkerFunc - thread 00517E98 stopped.
00:39:56: DefaultWorkQueue('Root')::WorkerFunc - thread 00517EC8 stopped.
00:39:56: DefaultWorkQueue('Root')::WorkerFunc - thread 00517E68 stopped.
00:39:56: DefaultWorkQueue('Root')::WorkerFunc - thread 00517E38 stopped.
00:39:56: PCZone Factory Type 'ZoneType_Octree' unregistered
00:39:56: PCZone Factory Type 'ZoneType_Terrain' unregistered
00:39:56: Unregistering ResourceManager for type BspLevel
00:39:56: *-*-* OGRE Shutdown
00:39:56: Unregistering ResourceManager for type Compositor
00:39:56: Unregistering ResourceManager for type Font
00:39:56: Unregistering ResourceManager for type Skeleton
00:39:56: Unregistering ResourceManager for type Mesh
00:39:56: Unregistering ResourceManager for type HighLevelGpuProgram
00:39:56: Uninstalling plugin: Octree & Terrain Scene Manager
00:39:56: Plugin successfully uninstalled
00:39:56: Unloading library .\Plugin_OctreeSceneManager
00:39:56: Uninstalling plugin: Octree Zone Factory
00:39:56: Plugin successfully uninstalled
00:39:56: Unloading library .\Plugin_OctreeZone
00:39:56: Uninstalling plugin: Portal Connected Zone Scene Manager
00:39:56: Plugin successfully uninstalled
00:39:56: Unloading library .\Plugin_PCZSceneManager
00:39:56: Uninstalling plugin: Cg Program Manager
00:39:56: Plugin successfully uninstalled
00:39:56: Unloading library .\Plugin_CgProgramManager
00:39:56: Uninstalling plugin: BSP Scene Manager
00:39:56: Plugin successfully uninstalled
00:39:57: Unloading library .\Plugin_BSPSceneManager
00:39:57: Uninstalling plugin: ParticleFX
00:39:57: Plugin successfully uninstalled
00:39:57: Unloading library .\Plugin_ParticleFX
00:39:57: Uninstalling plugin: GL RenderSystem
00:39:57: Unregistering ResourceManager for type GpuProgram
00:39:57: *** Stopping Win32GL Subsystem ***
00:39:57: Unregistering ResourceManager for type Texture
00:39:57: Plugin successfully uninstalled
00:39:57: Unloading library .\RenderSystem_GL
00:39:57: Uninstalling plugin: D3D9 RenderSystem
00:39:57: D3D9 : Shutting down cleanly.
00:39:57: D3D9 : Direct3D9 Rendering Subsystem destroyed.
00:39:57: Plugin successfully uninstalled
00:39:57: Unloading library .\RenderSystem_Direct3D9
00:39:57: Unregistering ResourceManager for type Material
